<?xml version="1.0" encoding="UTF-8"?>
<testsuite name="입국심사.SolutionTest" tests="1" skipped="0" failures="0" errors="0" timestamp="2021-04-14T03:46:48" hostname="gimjaeguui-MacBook-Pro.local" time="0.002">
  <properties/>
  <testcase name="test" classname="입국심사.SolutionTest" time="0.002"/>
  <system-out><![CDATA[]]></system-out>
  <system-err><![CDATA[]]></system-err>
</testsuite>
