<?xml version="1.0" encoding="UTF-8"?>
<testsuite name="리틀프랜즈사천성.SolTest" tests="5" skipped="0" failures="0" errors="0" timestamp="2021-04-30T04:56:27" hostname="gimjaeguui-MacBook-Pro.local" time="0.011">
  <properties/>
  <testcase name="test1" classname="리틀프랜즈사천성.SolTest" time="0.003"/>
  <testcase name="test2" classname="리틀프랜즈사천성.SolTest" time="0.0"/>
  <testcase name="test3" classname="리틀프랜즈사천성.SolTest" time="0.001"/>
  <testcase name="test4" classname="리틀프랜즈사천성.SolTest" time="0.001"/>
  <testcase name="test5" classname="리틀프랜즈사천성.SolTest" time="0.002"/>
  <system-out><![CDATA[]]></system-out>
  <system-err><![CDATA[]]></system-err>
</testsuite>
