<?xml version="1.0" encoding="UTF-8"?>
<testsuite name="등굣길.SolutionTest" tests="1" skipped="0" failures="0" errors="0" timestamp="2021-05-04T03:13:34" hostname="gimjaeguui-MacBook-Pro.local" time="0.003">
  <properties/>
  <testcase name="test" classname="등굣길.SolutionTest" time="0.003"/>
  <system-out><![CDATA[]]></system-out>
  <system-err><![CDATA[]]></system-err>
</testsuite>
