<?xml version="1.0" encoding="UTF-8"?>
<testsuite name="베스트앨범.SolutionTest" tests="1" skipped="0" failures="0" errors="0" timestamp="2021-04-15T03:10:59" hostname="gimjaeguui-MacBook-Pro.local" time="0.022">
  <properties/>
  <testcase name="test" classname="베스트앨범.SolutionTest" time="0.022"/>
  <system-out><![CDATA[]]></system-out>
  <system-err><![CDATA[]]></system-err>
</testsuite>
