<?xml version="1.0" encoding="UTF-8"?>
<testsuite name="여행경로.SolTest" tests="1" skipped="0" failures="0" errors="0" timestamp="2021-04-24T05:26:28" hostname="gimjaeguui-MacBook-Pro.local" time="0.015">
  <properties/>
  <testcase name="test2" classname="여행경로.SolTest" time="0.015"/>
  <system-out><![CDATA[]]></system-out>
  <system-err><![CDATA[]]></system-err>
</testsuite>
