<?xml version="1.0" encoding="UTF-8"?>
<testsuite name="가장먼노드.SolutionTest" tests="1" skipped="0" failures="0" errors="0" timestamp="2021-04-13T06:09:03" hostname="gimjaeguui-MacBook-Pro.local" time="0.005">
  <properties/>
  <testcase name="testDist" classname="가장먼노드.SolutionTest" time="0.005"/>
  <system-out><![CDATA[2147483647
0
1
1
2
2
2
]]></system-out>
  <system-err><![CDATA[]]></system-err>
</testsuite>
