<?xml version="1.0" encoding="UTF-8"?>
<testsuite name="이중우선순위큐.SolutionTest" tests="1" skipped="0" failures="0" errors="0" timestamp="2021-04-19T04:59:52" hostname="gimjaeguui-MacBook-Pro.local" time="0.012">
  <properties/>
  <testcase name="test" classname="이중우선순위큐.SolutionTest" time="0.012"/>
  <system-out><![CDATA[]]></system-out>
  <system-err><![CDATA[]]></system-err>
</testsuite>
