<?xml version="1.0" encoding="UTF-8"?>
<testsuite name="다단계칫솔판매.SolutionTest" tests="1" skipped="0" failures="0" errors="0" timestamp="2021-04-28T05:15:43" hostname="gimjaeguui-MacBook-Pro.local" time="0.002">
  <properties/>
  <testcase name="test2" classname="다단계칫솔판매.SolutionTest" time="0.002"/>
  <system-out><![CDATA[]]></system-out>
  <system-err><![CDATA[]]></system-err>
</testsuite>
