<?xml version="1.0" encoding="UTF-8"?>
<testsuite name="일일공옮기기.SolutionTest" tests="1" skipped="0" failures="0" errors="0" timestamp="2021-05-17T03:23:54" hostname="gimjaeguui-MacBook-Pro.local" time="0.001">
  <properties/>
  <testcase name="test1" classname="일일공옮기기.SolutionTest" time="0.001"/>
  <system-out><![CDATA[]]></system-out>
  <system-err><![CDATA[]]></system-err>
</testsuite>
