<?xml version="1.0" encoding="UTF-8"?>
<testsuite name="거스름돈.SolutionTest" tests="1" skipped="0" failures="0" errors="0" timestamp="2021-05-20T03:57:28" hostname="gimjaeguui-MacBook-Pro.local" time="0.001">
  <properties/>
  <testcase name="test" classname="거스름돈.SolutionTest" time="0.001"/>
  <system-out><![CDATA[]]></system-out>
  <system-err><![CDATA[]]></system-err>
</testsuite>
