<?xml version="1.0" encoding="UTF-8"?>
<testsuite name="com.leetcode.stack.decodedStringAtIndex.SolutionTest" tests="3" skipped="0" failures="0" errors="0" timestamp="2021-05-03T05:20:52" hostname="gimjaeguui-MacBook-Pro.local" time="0.002">
  <properties/>
  <testcase name="test1" classname="com.leetcode.stack.decodedStringAtIndex.SolutionTest" time="0.001"/>
  <testcase name="test2" classname="com.leetcode.stack.decodedStringAtIndex.SolutionTest" time="0.0"/>
  <testcase name="test3" classname="com.leetcode.stack.decodedStringAtIndex.SolutionTest" time="0.0"/>
  <system-out><![CDATA[]]></system-out>
  <system-err><![CDATA[]]></system-err>
</testsuite>
