<?xml version="1.0" encoding="UTF-8"?>
<testsuite name="com.leetcode.marchchallenge.coinChange.SolutionTest" tests="1" skipped="0" failures="0" errors="0" timestamp="2021-03-11T09:15:55" hostname="gimjaeguui-MacBook-Pro.local" time="0.002">
  <properties/>
  <testcase name="solveTest" classname="com.leetcode.marchchallenge.coinChange.SolutionTest" time="0.002"/>
  <system-out><![CDATA[]]></system-out>
  <system-err><![CDATA[]]></system-err>
</testsuite>
