<?xml version="1.0" encoding="UTF-8"?>
<testsuite name="com.leetcode.marchchallenge.binaryTreesWithFactor.SolutionTest" tests="1" skipped="0" failures="0" errors="0" timestamp="2021-03-14T04:30:34" hostname="gimjaeguui-MacBook-Pro.local" time="0.007">
  <properties/>
  <testcase name="test" classname="com.leetcode.marchchallenge.binaryTreesWithFactor.SolutionTest" time="0.007"/>
  <system-out><![CDATA[]]></system-out>
  <system-err><![CDATA[]]></system-err>
</testsuite>
