<?xml version="1.0" encoding="UTF-8"?>
<testsuite name="com.leetcode.marchchallenge.IntegerToRoman.SolutionTest" tests="1" skipped="0" failures="0" errors="0" timestamp="2021-03-10T09:02:58" hostname="gimjaeguui-MacBook-Pro.local" time="0.001">
  <properties/>
  <testcase name="testIntegerToRoman" classname="com.leetcode.marchchallenge.IntegerToRoman.SolutionTest" time="0.001"/>
  <system-out><![CDATA[]]></system-out>
  <system-err><![CDATA[]]></system-err>
</testsuite>
