<?xml version="1.0" encoding="UTF-8"?>
<testsuite name="com.kakao.blindrecruit.menuRenewal.SolutionTest" tests="1" skipped="0" failures="0" errors="0" timestamp="2021-04-08T08:43:55" hostname="gimjaeguui-MacBook-Pro.local" time="0.003">
  <properties/>
  <testcase name="test" classname="com.kakao.blindrecruit.menuRenewal.SolutionTest" time="0.003"/>
  <system-out><![CDATA[]]></system-out>
  <system-err><![CDATA[]]></system-err>
</testsuite>
