<?xml version="1.0" encoding="UTF-8"?>
<testsuite name="prob1353.SolutionTest" tests="7" skipped="0" failures="0" errors="0" timestamp="2021-05-12T05:35:39" hostname="gimjaeguui-MacBook-Pro.local" time="0.077">
  <properties/>
  <testcase name="test1" classname="prob1353.SolutionTest" time="0.016"/>
  <testcase name="test2" classname="prob1353.SolutionTest" time="0.007"/>
  <testcase name="test3" classname="prob1353.SolutionTest" time="0.01"/>
  <testcase name="test4" classname="prob1353.SolutionTest" time="0.009"/>
  <testcase name="test5" classname="prob1353.SolutionTest" time="0.012"/>
  <testcase name="test6" classname="prob1353.SolutionTest" time="0.004"/>
  <testcase name="test7" classname="prob1353.SolutionTest" time="0.005"/>
  <system-out><![CDATA[]]></system-out>
  <system-err><![CDATA[]]></system-err>
</testsuite>
