<?xml version="1.0" encoding="UTF-8"?>
<testsuite name="prob97.SolutionTest" tests="1" skipped="0" failures="0" errors="0" timestamp="2021-06-03T01:52:51" hostname="gimjaeguui-MacBook-Pro.local" time="0.002">
  <properties/>
  <testcase name="test" classname="prob97.SolutionTest" time="0.002"/>
  <system-out><![CDATA[]]></system-out>
  <system-err><![CDATA[]]></system-err>
</testsuite>
