<?xml version="1.0" encoding="UTF-8"?>
<testsuite name="problem1737.SolutionTest" tests="1" skipped="0" failures="0" errors="0" timestamp="2021-05-11T07:29:15" hostname="gimjaeguui-MacBook-Pro.local" time="0.001">
  <properties/>
  <testcase name="test3" classname="problem1737.SolutionTest" time="0.001"/>
  <system-out><![CDATA[]]></system-out>
  <system-err><![CDATA[]]></system-err>
</testsuite>
