<?xml version="1.0" encoding="UTF-8"?>
<testsuite name="prob1774.SolutionTest" tests="3" skipped="0" failures="0" errors="0" timestamp="2021-05-13T04:03:34" hostname="gimjaeguui-MacBook-Pro.local" time="0.002">
  <properties/>
  <testcase name="test1" classname="prob1774.SolutionTest" time="0.001"/>
  <testcase name="test2" classname="prob1774.SolutionTest" time="0.0"/>
  <testcase name="test3" classname="prob1774.SolutionTest" time="0.001"/>
  <system-out><![CDATA[]]></system-out>
  <system-err><![CDATA[]]></system-err>
</testsuite>
