<?xml version="1.0" encoding="UTF-8"?>
<testsuite name="prob871.SolutionTest" tests="1" skipped="1" failures="0" errors="0" timestamp="2021-06-12T10:51:28" hostname="gimjaeguui-MacBook-Pro.local" time="27.86">
  <properties/>
  <testcase name="test" classname="prob871.SolutionTest" time="27.86">
    <skipped/>
  </testcase>
  <system-out><![CDATA[]]></system-out>
  <system-err><![CDATA[]]></system-err>
</testsuite>
