<?xml version="1.0" encoding="UTF-8"?>
<testsuite name="prob146.SolutionTest" tests="1" skipped="1" failures="0" errors="0" timestamp="2021-05-27T05:53:48" hostname="gimjaeguui-MacBook-Pro.local" time="168.724">
  <properties/>
  <testcase name="test1" classname="prob146.SolutionTest" time="168.724">
    <skipped/>
  </testcase>
  <system-out><![CDATA[]]></system-out>
  <system-err><![CDATA[]]></system-err>
</testsuite>
