<?xml version="1.0" encoding="UTF-8"?>
<testsuite name="prob1648.SolutionTest" tests="1" skipped="0" failures="0" errors="0" timestamp="2021-05-14T12:24:23" hostname="gimjaeguui-MacBook-Pro.local" time="0.006">
  <properties/>
  <testcase name="test5" classname="prob1648.SolutionTest" time="0.006"/>
  <system-out><![CDATA[]]></system-out>
  <system-err><![CDATA[]]></system-err>
</testsuite>
