<?xml version="1.0" encoding="UTF-8"?>
<testsuite name="나무재테크.SolutionTest" tests="1" skipped="0" failures="0" errors="0" timestamp="2021-04-22T04:47:32" hostname="gimjaeguui-MacBook-Pro.local" time="0.023">
  <properties/>
  <testcase name="test1" classname="나무재테크.SolutionTest" time="0.023"/>
  <system-out><![CDATA[]]></system-out>
  <system-err><![CDATA[]]></system-err>
</testsuite>
