<?xml version="1.0" encoding="UTF-8"?>
<testsuite name="마법사상어와토네이도.SolutionTest" tests="1" skipped="0" failures="0" errors="0" timestamp="2021-04-19T04:23:59" hostname="gimjaeguui-MacBook-Pro.local" time="0.008">
  <properties/>
  <testcase name="test" classname="마법사상어와토네이도.SolutionTest" time="0.008"/>
  <system-out><![CDATA[]]></system-out>
  <system-err><![CDATA[]]></system-err>
</testsuite>
