<?xml version="1.0" encoding="UTF-8"?>
<testsuite name="퇴사.SolutionTest" tests="1" skipped="0" failures="0" errors="0" timestamp="2021-04-16T01:49:00" hostname="gimjaeguui-MacBook-Pro.local" time="0.005">
  <properties/>
  <testcase name="test" classname="퇴사.SolutionTest" time="0.005"/>
  <system-out><![CDATA[]]></system-out>
  <system-err><![CDATA[]]></system-err>
</testsuite>
