<?xml version="1.0" encoding="UTF-8"?>
<testsuite name="전화번호목록.SolTest" tests="2" skipped="0" failures="0" errors="0" timestamp="2021-05-07T04:07:37" hostname="gimjaeguui-MacBook-Pro.local" time="0.017">
  <properties/>
  <testcase name="test1" classname="전화번호목록.SolTest" time="0.016"/>
  <testcase name="test2" classname="전화번호목록.SolTest" time="0.0"/>
  <system-out><![CDATA[]]></system-out>
  <system-err><![CDATA[]]></system-err>
</testsuite>
