<?xml version="1.0" encoding="UTF-8"?>
<testsuite name="게리맨더링2.SolutionTest" tests="4" skipped="0" failures="0" errors="0" timestamp="2021-05-11T05:08:25" hostname="gimjaeguui-MacBook-Pro.local" time="0.012">
  <properties/>
  <testcase name="test1" classname="게리맨더링2.SolutionTest" time="0.005"/>
  <testcase name="test2" classname="게리맨더링2.SolutionTest" time="0.002"/>
  <testcase name="test3" classname="게리맨더링2.SolutionTest" time="0.004"/>
  <testcase name="test4" classname="게리맨더링2.SolutionTest" time="0.001"/>
  <system-out><![CDATA[]]></system-out>
  <system-err><![CDATA[]]></system-err>
</testsuite>
