<?xml version="1.0" encoding="UTF-8"?>
<testsuite name="두용액.SolTest" tests="1" skipped="0" failures="0" errors="0" timestamp="2021-05-06T04:12:18" hostname="gimjaeguui-MacBook-Pro.local" time="0.002">
  <properties/>
  <testcase name="test1" classname="두용액.SolTest" time="0.002"/>
  <system-out><![CDATA[]]></system-out>
  <system-err><![CDATA[]]></system-err>
</testsuite>
