<?xml version="1.0" encoding="UTF-8"?>
<testsuite name="톱니바퀴.SolTest" tests="4" skipped="0" failures="0" errors="0" timestamp="2021-04-21T01:47:10" hostname="gimjaeguui-MacBook-Pro.local" time="0.01">
  <properties/>
  <testcase name="test1" classname="톱니바퀴.SolTest" time="0.003"/>
  <testcase name="test2" classname="톱니바퀴.SolTest" time="0.002"/>
  <testcase name="test3" classname="톱니바퀴.SolTest" time="0.003"/>
  <testcase name="test4" classname="톱니바퀴.SolTest" time="0.001"/>
  <system-out><![CDATA[]]></system-out>
  <system-err><![CDATA[]]></system-err>
</testsuite>
