<?xml version="1.0" encoding="UTF-8"?>
<testsuite name="미세먼지안녕.SolTest" tests="8" skipped="0" failures="0" errors="0" timestamp="2021-04-24T02:25:46" hostname="gimjaeguui-MacBook-Pro.local" time="0.022">
  <properties/>
  <testcase name="test1" classname="미세먼지안녕.SolTest" time="0.007"/>
  <testcase name="test2" classname="미세먼지안녕.SolTest" time="0.001"/>
  <testcase name="test3" classname="미세먼지안녕.SolTest" time="0.001"/>
  <testcase name="test4" classname="미세먼지안녕.SolTest" time="0.001"/>
  <testcase name="test5" classname="미세먼지안녕.SolTest" time="0.001"/>
  <testcase name="test6" classname="미세먼지안녕.SolTest" time="0.002"/>
  <testcase name="test7" classname="미세먼지안녕.SolTest" time="0.003"/>
  <testcase name="test8" classname="미세먼지안녕.SolTest" time="0.003"/>
  <system-out><![CDATA[]]></system-out>
  <system-err><![CDATA[]]></system-err>
</testsuite>
